<?xml version="1.0" encoding="UTF-8"?>
<!-- Generated by org.testng.reporters.JUnitReportReporter -->
<testsuite hostname="LAPTOP-D1O2GJ92" failures="0" tests="1" name="CucumberPractice.AppTest" time="0.009" errors="0" timestamp="03 Jun 2020 14:19:32 GMT" skipped="0">
  <testcase classname="CucumberPractice.AppTest" name="testApp" time="0.009"/>
</testsuite> <!-- CucumberPractice.AppTest -->
